<?xml version="1.0" encoding="UTF-8"?>
<testng-results ignored="0" total="2" passed="2" failed="0" skipped="0">
  <reporter-output>
    <line>
      <![CDATA[Login Id Entered]]>
    </line>
    <line>
      <![CDATA[Password Entered]]>
    </line>
    <line>
      <![CDATA[Login Id Entered]]>
    </line>
    <line>
      <![CDATA[Password Entered]]>
    </line>
    <line>
      <![CDATA[Pin Entered]]>
    </line>
    <line>
      <![CDATA[Log In Successfull]]>
    </line>
    <line>
      <![CDATA[Pin Entered]]>
    </line>
    <line>
      <![CDATA[Log In Successfull]]>
    </line>
  </reporter-output>
  <suite started-at="2022-04-04T12:44:50 IST" name="Suite" finished-at="2022-04-04T12:45:38 IST" duration-ms="47927">
    <groups>
    </groups>
    <test started-at="2022-04-04T12:44:50 IST" name="Test" finished-at="2022-04-04T12:45:30 IST" duration-ms="39967">
      <class name="TestClasses.addTCSstockInWatchlist">
        <test-method is-config="true" signature="beforeClass(java.lang.String)[pri:0, instance:TestClasses.addTCSstockInWatchlist@130d63be]" started-at="2022-04-04T12:44:50 IST" name="beforeClass" finished-at="2022-04-04T12:45:22 IST" duration-ms="32618" status="PASS">
          <params>
            <param index="0">
              <value>
                <![CDATA[chrome]]>
              </value>
            </param>
          </params>
          <reporter-output>
          </reporter-output>
        </test-method> <!-- beforeClass -->
        <test-method is-config="true" signature="beforeMethod()[pri:0, instance:TestClasses.addTCSstockInWatchlist@130d63be]" started-at="2022-04-04T12:45:22 IST" name="beforeMethod" finished-at="2022-04-04T12:45:22 IST" duration-ms="1" status="PASS">
          <reporter-output>
          </reporter-output>
        </test-method> <!-- beforeMethod -->
        <test-method signature="userCanLogIn()[pri:0, instance:TestClasses.addTCSstockInWatchlist@130d63be]" started-at="2022-04-04T12:45:22 IST" name="userCanLogIn" finished-at="2022-04-04T12:45:27 IST" duration-ms="4841" status="PASS">
          <reporter-output>
            <line>
              <![CDATA[Login Id Entered]]>
            </line>
            <line>
              <![CDATA[Password Entered]]>
            </line>
            <line>
              <![CDATA[Pin Entered]]>
            </line>
            <line>
              <![CDATA[Log In Successfull]]>
            </line>
          </reporter-output>
        </test-method> <!-- userCanLogIn -->
        <test-method is-config="true" signature="afterMethod()[pri:0, instance:TestClasses.addTCSstockInWatchlist@130d63be]" started-at="2022-04-04T12:45:27 IST" name="afterMethod" finished-at="2022-04-04T12:45:30 IST" duration-ms="2480" status="PASS">
          <reporter-output>
          </reporter-output>
        </test-method> <!-- afterMethod -->
      </class> <!-- TestClasses.addTCSstockInWatchlist -->
    </test> <!-- Test -->
    <test started-at="2022-04-04T12:44:50 IST" name="Test1" finished-at="2022-04-04T12:45:38 IST" duration-ms="47926">
      <class name="TestClasses.addTCSstockInWatchlist">
        <test-method is-config="true" signature="beforeClass(java.lang.String)[pri:0, instance:TestClasses.addTCSstockInWatchlist@443118b0]" started-at="2022-04-04T12:44:50 IST" name="beforeClass" finished-at="2022-04-04T12:45:16 IST" duration-ms="26555" status="PASS">
          <params>
            <param index="0">
              <value>
                <![CDATA[firefox]]>
              </value>
            </param>
          </params>
          <reporter-output>
          </reporter-output>
        </test-method> <!-- beforeClass -->
        <test-method is-config="true" signature="beforeMethod()[pri:0, instance:TestClasses.addTCSstockInWatchlist@443118b0]" started-at="2022-04-04T12:45:17 IST" name="beforeMethod" finished-at="2022-04-04T12:45:18 IST" duration-ms="1373" status="PASS">
          <reporter-output>
          </reporter-output>
        </test-method> <!-- beforeMethod -->
        <test-method signature="userCanLogIn()[pri:0, instance:TestClasses.addTCSstockInWatchlist@443118b0]" started-at="2022-04-04T12:45:18 IST" name="userCanLogIn" finished-at="2022-04-04T12:45:38 IST" duration-ms="19694" status="PASS">
          <reporter-output>
            <line>
              <![CDATA[Login Id Entered]]>
            </line>
            <line>
              <![CDATA[Password Entered]]>
            </line>
            <line>
              <![CDATA[Pin Entered]]>
            </line>
            <line>
              <![CDATA[Log In Successfull]]>
            </line>
          </reporter-output>
        </test-method> <!-- userCanLogIn -->
        <test-method is-config="true" signature="afterMethod()[pri:0, instance:TestClasses.addTCSstockInWatchlist@443118b0]" started-at="2022-04-04T12:45:38 IST" name="afterMethod" finished-at="2022-04-04T12:45:38 IST" duration-ms="47" status="PASS">
          <reporter-output>
          </reporter-output>
        </test-method> <!-- afterMethod -->
      </class> <!-- TestClasses.addTCSstockInWatchlist -->
    </test> <!-- Test1 -->
  </suite> <!-- Suite -->
</testng-results>
